#
# There is insufficient memory for the Java Runtime Environment to continue.
# Native memory allocation (malloc) failed to allocate 759536 bytes for Chunk::new
# Possible reasons:
#   The system is out of physical RAM or swap space
#   The process is running with CompressedOops enabled, and the Java Heap may be blocking the growth of the native heap
# Possible solutions:
#   Reduce memory load on the system
#   Increase physical memory or swap space
#   Check if swap backing store is full
#   Decrease Java heap size (-Xmx/-Xms)
#   Decrease number of Java threads
#   Decrease Java thread stack sizes (-Xss)
#   Set larger code cache with -XX:ReservedCodeCacheSize=
#   JVM is running with Unscaled Compressed Oops mode in which the Java heap is
#     placed in the first 4GB address space. The Java Heap base address is the
#     maximum limit for the native heap growth. Please use -XX:HeapBaseMinAddress
#     to set the Java Heap base and to place the Java Heap above 4GB virtual address.
# This output file may be truncated or incomplete.
#
#  Out of Memory Error (t:/workspace/open/src/hotspot/share/memory/arena.cpp:196), pid=19404, tid=14292
#
# JRE version: Java(TM) SE Runtime Environment (13.0.1+9) (build 13.0.1+9)
# Java VM: Java HotSpot(TM) 64-Bit Server VM (13.0.1+9, mixed mode, sharing, tiered, compressed oops, g1 gc, windows-amd64)
# No core dump will be written. Minidumps are not enabled by default on client versions of Windows
#

---------------  S U M M A R Y ------------

Command Line: -Dfile.encoding=UTF-8 com.fi.spring.gymmanagementsystem.GymManagementSystemApplication

Host: Intel(R) Core(TM) i5-6200U CPU @ 2.30GHz, 4 cores, 7G,  Windows 10 , 64 bit Build 18362 (10.0.18362.329)
Time: Fri Jan 24 14:35:45 2020 India Standard Time elapsed time: 6922 seconds (0d 1h 55m 22s)

---------------  T H R E A D  ---------------

Current thread (0x0000019a3d117000):  JavaThread "C2 CompilerThread0" daemon [_thread_in_native, id=14292, stack(0x00000025a1600000,0x00000025a1700000)]


Current CompileTask:
C2:6922194 6340       4       org.springframework.core.annotation.TypeMappedAnnotations::scan (62 bytes)

Stack: [0x00000025a1600000,0x00000025a1700000]
Native frames: (J=compiled Java code, j=interpreted, Vv=VM code, C=native code)
V  [jvm.dll+0x626eca]
V  [jvm.dll+0x772c6a]
V  [jvm.dll+0x77441f]
V  [jvm.dll+0x774a23]
V  [jvm.dll+0x24da58]
V  [jvm.dll+0xc3ae7]
V  [jvm.dll+0xc406c]
V  [jvm.dll+0x2bfa84]
V  [jvm.dll+0x545e6d]
V  [jvm.dll+0x20fb86]
V  [jvm.dll+0x208f8c]
V  [jvm.dll+0x2069bd]
V  [jvm.dll+0x18b94c]
V  [jvm.dll+0x2159bd]
V  [jvm.dll+0x213e6b]
V  [jvm.dll+0x738b16]
V  [jvm.dll+0x731c0a]
V  [jvm.dll+0x6260c6]
C  [ucrtbase.dll+0x20e72]
C  [KERNEL32.DLL+0x17bd4]
C  [ntdll.dll+0x6ced1]


---------------  P R O C E S S  ---------------

Threads class SMR info:
_java_thread_list=0x0000019a3f1564d0, length=28, elements={
0x0000019a3d0f7800, 0x0000019a3d0f9000, 0x0000019a3d113000, 0x0000019a3d114000,
0x0000019a3d117000, 0x0000019a3d11d000, 0x0000019a3d127000, 0x0000019a3dbb7800,
0x0000019a3dbc9800, 0x0000019a403c6000, 0x0000019a4048f800, 0x0000019a404b7800,
0x0000019a4048a800, 0x0000019a40530800, 0x0000019a403a0800, 0x0000019a406e3800,
0x0000019a3e9de800, 0x0000019a3e2be800, 0x0000019a4216e000, 0x0000019a402a0800,
0x0000019a402a1800, 0x0000019a40835000, 0x0000019a40838000, 0x0000019a40836000,
0x0000019a40836800, 0x0000019a40834000, 0x0000019a40837800, 0x0000019a40839000
}

Java Threads: ( => current thread )
  0x0000019a3d0f7800 JavaThread "Reference Handler" daemon [_thread_blocked, id=12312, stack(0x00000025a1200000,0x00000025a1300000)]
  0x0000019a3d0f9000 JavaThread "Finalizer" daemon [_thread_blocked, id=8516, stack(0x00000025a1300000,0x00000025a1400000)]
  0x0000019a3d113000 JavaThread "Signal Dispatcher" daemon [_thread_blocked, id=9776, stack(0x00000025a1400000,0x00000025a1500000)]
  0x0000019a3d114000 JavaThread "Attach Listener" daemon [_thread_blocked, id=964, stack(0x00000025a1500000,0x00000025a1600000)]
=>0x0000019a3d117000 JavaThread "C2 CompilerThread0" daemon [_thread_in_native, id=14292, stack(0x00000025a1600000,0x00000025a1700000)]
  0x0000019a3d11d000 JavaThread "C1 CompilerThread0" daemon [_thread_blocked, id=14516, stack(0x00000025a1700000,0x00000025a1800000)]
  0x0000019a3d127000 JavaThread "Sweeper thread" daemon [_thread_blocked, id=14400, stack(0x00000025a1800000,0x00000025a1900000)]
  0x0000019a3dbb7800 JavaThread "Service Thread" daemon [_thread_blocked, id=1920, stack(0x00000025a1900000,0x00000025a1a00000)]
  0x0000019a3dbc9800 JavaThread "Common-Cleaner" daemon [_thread_blocked, id=220, stack(0x00000025a1b00000,0x00000025a1c00000)]
  0x0000019a403c6000 JavaThread "Catalina-utility-1" [_thread_blocked, id=11440, stack(0x00000025a2000000,0x00000025a2100000)]
  0x0000019a4048f800 JavaThread "Catalina-utility-2" [_thread_blocked, id=10968, stack(0x00000025a2200000,0x00000025a2300000)]
  0x0000019a404b7800 JavaThread "container-0" [_thread_blocked, id=7288, stack(0x00000025a2300000,0x00000025a2400000)]
  0x0000019a4048a800 JavaThread "mysql-cj-abandoned-connection-cleanup" daemon [_thread_blocked, id=9352, stack(0x00000025a2400000,0x00000025a2500000)]
  0x0000019a40530800 JavaThread "HikariPool-1 housekeeper" daemon [_thread_blocked, id=2232, stack(0x00000025a2600000,0x00000025a2700000)]
  0x0000019a403a0800 JavaThread "http-nio-8080-BlockPoller" daemon [_thread_in_native, id=8916, stack(0x00000025a2800000,0x00000025a2900000)]
  0x0000019a406e3800 JavaThread "http-nio-8080-exec-1" daemon [_thread_blocked, id=18248, stack(0x00000025a2900000,0x00000025a2a00000)]
  0x0000019a3e9de800 JavaThread "http-nio-8080-exec-2" daemon [_thread_blocked, id=1176, stack(0x00000025a2a00000,0x00000025a2b00000)]
  0x0000019a3e2be800 JavaThread "http-nio-8080-exec-3" daemon [_thread_blocked, id=180, stack(0x00000025a2b00000,0x00000025a2c00000)]
  0x0000019a4216e000 JavaThread "http-nio-8080-exec-4" daemon [_thread_blocked, id=18840, stack(0x00000025a2c00000,0x00000025a2d00000)]
  0x0000019a402a0800 JavaThread "http-nio-8080-exec-5" daemon [_thread_blocked, id=17356, stack(0x00000025a2d00000,0x00000025a2e00000)]
  0x0000019a402a1800 JavaThread "http-nio-8080-exec-6" daemon [_thread_blocked, id=13028, stack(0x00000025a2e00000,0x00000025a2f00000)]
  0x0000019a40835000 JavaThread "http-nio-8080-exec-7" daemon [_thread_blocked, id=5748, stack(0x00000025a2f00000,0x00000025a3000000)]
  0x0000019a40838000 JavaThread "http-nio-8080-exec-8" daemon [_thread_blocked, id=8024, stack(0x00000025a3000000,0x00000025a3100000)]
  0x0000019a40836000 JavaThread "http-nio-8080-exec-9" daemon [_thread_blocked, id=16768, stack(0x00000025a3100000,0x00000025a3200000)]
  0x0000019a40836800 JavaThread "http-nio-8080-exec-10" daemon [_thread_blocked, id=15808, stack(0x00000025a3200000,0x00000025a3300000)]
  0x0000019a40834000 JavaThread "http-nio-8080-ClientPoller" daemon [_thread_in_native, id=16728, stack(0x00000025a3300000,0x00000025a3400000)]
  0x0000019a40837800 JavaThread "http-nio-8080-Acceptor" daemon [_thread_in_native, id=8240, stack(0x00000025a3400000,0x00000025a3500000)]
  0x0000019a40839000 JavaThread "DestroyJavaVM" [_thread_blocked, id=2088, stack(0x00000025a0b00000,0x00000025a0c00000)]

Other Threads:
  0x0000019a3d0f2000 VMThread "VM Thread" [stack: 0x00000025a1100000,0x00000025a1200000] [id=17296]
  0x0000019a3dbb8800 WatcherThread [stack: 0x00000025a1a00000,0x00000025a1b00000] [id=5044]
  0x0000019a1eb1d000 GCTaskThread "GC Thread#0" [stack: 0x00000025a0c00000,0x00000025a0d00000] [id=17856]
  0x0000019a3e47e000 GCTaskThread "GC Thread#1" [stack: 0x00000025a1d00000,0x00000025a1e00000] [id=5060]
  0x0000019a3e528800 GCTaskThread "GC Thread#2" [stack: 0x00000025a1e00000,0x00000025a1f00000] [id=1552]
  0x0000019a3e223000 GCTaskThread "GC Thread#3" [stack: 0x00000025a2100000,0x00000025a2200000] [id=3968]
  0x0000019a1eb2e800 ConcurrentGCThread "G1 Main Marker" [stack: 0x00000025a0d00000,0x00000025a0e00000] [id=6396]
  0x0000019a1eb30000 ConcurrentGCThread "G1 Conc#0" [stack: 0x00000025a0e00000,0x00000025a0f00000] [id=11120]
  0x0000019a3cf70800 ConcurrentGCThread "G1 Refine#0" [stack: 0x00000025a0f00000,0x00000025a1000000] [id=15272]
  0x0000019a3dd43000 ConcurrentGCThread "G1 Refine#1" [stack: 0x00000025a1f00000,0x00000025a2000000] [id=9980]
  0x0000019a1eb9a000 ConcurrentGCThread "G1 Young RemSet Sampling" [stack: 0x00000025a1000000,0x00000025a1100000] [id=8600]

Threads with active compile tasks:
C2 CompilerThread0  6922647 6340       4       org.springframework.core.annotation.TypeMappedAnnotations::scan (62 bytes)

VM state:not at safepoint (normal execution)

VM Mutex/Monitor currently owned by a thread: None

Heap address: 0x0000000081a00000, size: 2022 MB, Compressed Oops mode: 32-bit
Narrow klass base: 0x0000000800000000, Narrow klass shift: 3
Compressed class space size: 1073741824 Address: 0x0000000800b40000

Heap:
 garbage-first heap   total 59392K, used 26829K [0x0000000081a00000, 0x0000000100000000)
  region size 1024K, 5 young (5120K), 3 survivors (3072K)
 Metaspace       used 58078K, capacity 59564K, committed 59804K, reserved 1101824K
  class space    used 7610K, capacity 8193K, committed 8268K, reserved 1048576K
Heap Regions: E=young(eden), S=young(survivor), O=old, HS=humongous(starts), HC=humongous(continues), CS=collection set, F=free, A=archive, TAMS=top-at-mark-start (previous, next)
|   0|0x0000000081a00000, 0x0000000081b00000, 0x0000000081b00000|100%|HS|  |TAMS 0x0000000081b00000, 0x0000000081a00000| Complete 
|   1|0x0000000081b00000, 0x0000000081c00000, 0x0000000081c00000|100%| O|  |TAMS 0x0000000081c00000, 0x0000000081b00000| Untracked 
|   2|0x0000000081c00000, 0x0000000081d00000, 0x0000000081d00000|100%| O|  |TAMS 0x0000000081d00000, 0x0000000081c00000| Untracked 
|   3|0x0000000081d00000, 0x0000000081e00000, 0x0000000081e00000|100%| O|  |TAMS 0x0000000081e00000, 0x0000000081d00000| Untracked 
|   4|0x0000000081e00000, 0x0000000081f00000, 0x0000000081f00000|100%| O|  |TAMS 0x0000000081f00000, 0x0000000081e00000| Untracked 
|   5|0x0000000081f00000, 0x0000000081fce800, 0x0000000082000000| 80%| O|  |TAMS 0x0000000081fce800, 0x0000000081f00000| Untracked 
|   6|0x0000000082000000, 0x0000000082100000, 0x0000000082100000|100%| O|  |TAMS 0x0000000082100000, 0x0000000082000000| Untracked 
|   7|0x0000000082100000, 0x0000000082200000, 0x0000000082200000|100%| O|  |TAMS 0x0000000082200000, 0x0000000082100000| Untracked 
|   8|0x0000000082200000, 0x0000000082300000, 0x0000000082300000|100%| O|  |TAMS 0x0000000082300000, 0x0000000082200000| Untracked 
|   9|0x0000000082300000, 0x0000000082400000, 0x0000000082400000|100%| O|  |TAMS 0x0000000082400000, 0x0000000082300000| Untracked 
|  10|0x0000000082400000, 0x0000000082500000, 0x0000000082500000|100%| O|  |TAMS 0x0000000082500000, 0x0000000082400000| Untracked 
|  11|0x0000000082500000, 0x0000000082600000, 0x0000000082600000|100%| O|  |TAMS 0x0000000082600000, 0x0000000082500000| Untracked 
|  12|0x0000000082600000, 0x0000000082700000, 0x0000000082700000|100%| O|  |TAMS 0x0000000082700000, 0x0000000082600000| Untracked 
|  13|0x0000000082700000, 0x0000000082800000, 0x0000000082800000|100%| O|  |TAMS 0x0000000082800000, 0x0000000082700000| Untracked 
|  14|0x0000000082800000, 0x0000000082900000, 0x0000000082900000|100%| O|  |TAMS 0x0000000082821e00, 0x0000000082800000| Untracked 
|  15|0x0000000082900000, 0x0000000082a00000, 0x0000000082a00000|100%| O|  |TAMS 0x0000000082900000, 0x0000000082900000| Untracked 
|  16|0x0000000082a00000, 0x0000000082b00000, 0x0000000082b00000|100%| O|  |TAMS 0x0000000082a00000, 0x0000000082a00000| Untracked 
|  17|0x0000000082b00000, 0x0000000082c00000, 0x0000000082c00000|100%| O|  |TAMS 0x0000000082b00000, 0x0000000082b00000| Untracked 
|  18|0x0000000082c00000, 0x0000000082d00000, 0x0000000082d00000|100%| O|  |TAMS 0x0000000082c00000, 0x0000000082c00000| Untracked 
|  19|0x0000000082d00000, 0x0000000082e00000, 0x0000000082e00000|100%| O|  |TAMS 0x0000000082d00000, 0x0000000082d00000| Untracked 
|  20|0x0000000082e00000, 0x0000000082f00000, 0x0000000082f00000|100%| O|  |TAMS 0x0000000082e00000, 0x0000000082e00000| Untracked 
|  21|0x0000000082f00000, 0x0000000083000000, 0x0000000083000000|100%| O|  |TAMS 0x0000000082f00000, 0x0000000082f00000| Untracked 
|  22|0x0000000083000000, 0x0000000083100000, 0x0000000083100000|100%| O|  |TAMS 0x0000000083000000, 0x0000000083000000| Untracked 
|  23|0x0000000083100000, 0x0000000083134c00, 0x0000000083200000| 20%| O|  |TAMS 0x0000000083100000, 0x0000000083100000| Untracked 
|  24|0x0000000083200000, 0x0000000083200000, 0x0000000083300000|  0%| F|  |TAMS 0x0000000083200000, 0x0000000083200000| Untracked 
|  25|0x0000000083300000, 0x0000000083300000, 0x0000000083400000|  0%| F|  |TAMS 0x0000000083300000, 0x0000000083300000| Untracked 
|  26|0x0000000083400000, 0x0000000083400000, 0x0000000083500000|  0%| F|  |TAMS 0x0000000083400000, 0x0000000083400000| Untracked 
|  27|0x0000000083500000, 0x0000000083500000, 0x0000000083600000|  0%| F|  |TAMS 0x0000000083500000, 0x0000000083500000| Untracked 
|  28|0x0000000083600000, 0x0000000083600000, 0x0000000083700000|  0%| F|  |TAMS 0x0000000083600000, 0x0000000083600000| Untracked 
|  29|0x0000000083700000, 0x0000000083700000, 0x0000000083800000|  0%| F|  |TAMS 0x0000000083700000, 0x0000000083700000| Untracked 
|  30|0x0000000083800000, 0x0000000083800000, 0x0000000083900000|  0%| F|  |TAMS 0x0000000083800000, 0x0000000083800000| Untracked 
|  31|0x0000000083900000, 0x0000000083900000, 0x0000000083a00000|  0%| F|  |TAMS 0x0000000083900000, 0x0000000083900000| Untracked 
|  32|0x0000000083a00000, 0x0000000083a00000, 0x0000000083b00000|  0%| F|  |TAMS 0x0000000083a00000, 0x0000000083a00000| Untracked 
|  33|0x0000000083b00000, 0x0000000083b00000, 0x0000000083c00000|  0%| F|  |TAMS 0x0000000083b00000, 0x0000000083b00000| Untracked 
|  34|0x0000000083c00000, 0x0000000083c00000, 0x0000000083d00000|  0%| F|  |TAMS 0x0000000083c00000, 0x0000000083c00000| Untracked 
|  35|0x0000000083d00000, 0x0000000083d00000, 0x0000000083e00000|  0%| F|  |TAMS 0x0000000083d00000, 0x0000000083d00000| Untracked 
|  36|0x0000000083e00000, 0x0000000083e00000, 0x0000000083f00000|  0%| F|  |TAMS 0x0000000083e00000, 0x0000000083e00000| Untracked 
|  37|0x0000000083f00000, 0x0000000083f30138, 0x0000000084000000| 18%| S|CS|TAMS 0x0000000083f00000, 0x0000000083f00000| Complete 
|  38|0x0000000084000000, 0x0000000084100000, 0x0000000084100000|100%| S|CS|TAMS 0x0000000084000000, 0x0000000084000000| Complete 
|  39|0x0000000084100000, 0x0000000084200000, 0x0000000084200000|100%| S|CS|TAMS 0x0000000084100000, 0x0000000084100000| Complete 
|  40|0x0000000084200000, 0x0000000084200000, 0x0000000084300000|  0%| F|  |TAMS 0x0000000084200000, 0x0000000084200000| Untracked 
|  41|0x0000000084300000, 0x0000000084300000, 0x0000000084400000|  0%| F|  |TAMS 0x0000000084300000, 0x0000000084300000| Untracked 
|  42|0x0000000084400000, 0x0000000084400000, 0x0000000084500000|  0%| F|  |TAMS 0x0000000084400000, 0x0000000084400000| Untracked 
|  43|0x0000000084500000, 0x0000000084500000, 0x0000000084600000|  0%| F|  |TAMS 0x0000000084500000, 0x0000000084500000| Untracked 
|  44|0x0000000084600000, 0x0000000084600000, 0x0000000084700000|  0%| F|  |TAMS 0x0000000084600000, 0x0000000084600000| Untracked 
|  45|0x0000000084700000, 0x0000000084700000, 0x0000000084800000|  0%| F|  |TAMS 0x0000000084700000, 0x0000000084700000| Untracked 
|  46|0x0000000084800000, 0x0000000084800000, 0x0000000084900000|  0%| F|  |TAMS 0x0000000084800000, 0x0000000084800000| Untracked 
|  47|0x0000000084900000, 0x0000000084900000, 0x0000000084a00000|  0%| F|  |TAMS 0x0000000084900000, 0x0000000084900000| Untracked 
|  48|0x0000000084a00000, 0x0000000084a00000, 0x0000000084b00000|  0%| F|  |TAMS 0x0000000084a00000, 0x0000000084a00000| Untracked 
|  49|0x0000000084b00000, 0x0000000084b00000, 0x0000000084c00000|  0%| F|  |TAMS 0x0000000084b00000, 0x0000000084b00000| Untracked 
|  50|0x0000000084c00000, 0x0000000084c00000, 0x0000000084d00000|  0%| F|  |TAMS 0x0000000084c00000, 0x0000000084c00000| Untracked 
|  51|0x0000000084d00000, 0x0000000084d00000, 0x0000000084e00000|  0%| F|  |TAMS 0x0000000084d00000, 0x0000000084d00000| Untracked 
| 134|0x000000008a000000, 0x000000008a000000, 0x000000008a100000|  0%| F|  |TAMS 0x000000008a000000, 0x000000008a000000| Untracked 
| 135|0x000000008a100000, 0x000000008a100000, 0x000000008a200000|  0%| F|  |TAMS 0x000000008a100000, 0x000000008a100000| Untracked 
| 136|0x000000008a200000, 0x000000008a200000, 0x000000008a300000|  0%| F|  |TAMS 0x000000008a200000, 0x000000008a200000| Untracked 
| 137|0x000000008a300000, 0x000000008a300000, 0x000000008a400000|  0%| F|  |TAMS 0x000000008a300000, 0x000000008a300000| Untracked 
| 138|0x000000008a400000, 0x000000008a4863f0, 0x000000008a500000| 52%| E|  |TAMS 0x000000008a400000, 0x000000008a400000| Complete 
| 153|0x000000008b300000, 0x000000008b400000, 0x000000008b400000|100%| E|CS|TAMS 0x000000008b300000, 0x000000008b300000| Complete 

Card table byte_map: [0x0000019a363d0000,0x0000019a367d0000] _byte_map_base: 0x0000019a35fc3000

Marking Bits (Prev, Next): (CMBitMap*) 0x0000019a1eb1db98, (CMBitMap*) 0x0000019a1eb1dbd8
 Prev Bits: [0x0000019a36bd0000, 0x0000019a38b68000)
 Next Bits: [0x0000019a38b70000, 0x0000019a3ab08000)

Polling page: 0x0000019a1c820000

Metaspace:

Usage:
  Non-class:     50.17 MB capacity,    49.29 MB ( 98%) used,   720.96 KB (  1%) free+waste,   181.81 KB ( <1%) overhead. 
      Class:      8.00 MB capacity,     7.43 MB ( 93%) used,   498.10 KB (  6%) free+waste,    84.38 KB (  1%) overhead. 
       Both:     58.17 MB capacity,    56.72 MB ( 98%) used,     1.19 MB (  2%) free+waste,   266.19 KB ( <1%) overhead. 

Virtual space:
  Non-class space:       52.00 MB reserved,      50.33 MB ( 97%) committed 
      Class space:        1.00 GB reserved,       8.07 MB ( <1%) committed 
             Both:        1.05 GB reserved,      58.40 MB (  5%) committed 

Chunk freelists:
   Non-Class:  37.00 KB
       Class:  0 bytes
        Both:  37.00 KB

MaxMetaspaceSize: 17179869184.00 GB
CompressedClassSpaceSize: 1.00 GB

CodeHeap 'non-profiled nmethods': size=120064Kb used=2994Kb max_used=3456Kb free=117069Kb
 bounds [0x0000019a2ea90000, 0x0000019a2ee00000, 0x0000019a35fd0000]
CodeHeap 'profiled nmethods': size=120000Kb used=11186Kb max_used=12042Kb free=108813Kb
 bounds [0x0000019a27560000, 0x0000019a28130000, 0x0000019a2ea90000]
CodeHeap 'non-nmethods': size=5696Kb used=1326Kb max_used=1377Kb free=4370Kb
 bounds [0x0000019a26fd0000, 0x0000019a27240000, 0x0000019a27560000]
 total_blobs=8618 nmethods=5421 adapters=522
 compilation: enabled
              stopped_count=0, restarted_count=0
 full_count=0

Compilation events (20 events):
Event: 6921.260 Thread 0x0000019a3d11d000 nmethod 6331 0x0000019a2804ab10 code [0x0000019a2804ae40, 0x0000019a2804c4b0]
Event: 6921.287 Thread 0x0000019a3d117000 6333       4       java.lang.ClassLoader::getClassLoadingLock (35 bytes)
Event: 6921.289 Thread 0x0000019a3d117000 nmethod 6333 0x0000019a2ecd2090 code [0x0000019a2ecd2220, 0x0000019a2ecd2368]
Event: 6921.343 Thread 0x0000019a3d117000 6334       4       java.lang.StringBuilder::append (8 bytes)
Event: 6921.377 Thread 0x0000019a3d117000 nmethod 6334 0x0000019a2ecd1010 code [0x0000019a2ecd11c0, 0x0000019a2ecd1c48]
Event: 6921.377 Thread 0x0000019a3d117000 6336   !   4       jdk.internal.loader.URLClassPath$JarLoader::getResource (354 bytes)
Event: 6921.477 Thread 0x0000019a3d117000 nmethod 6336 0x0000019a2ebbc210 code [0x0000019a2ebbc500, 0x0000019a2ebbd6a8]
Event: 6921.568 Thread 0x0000019a3d11d000 6337       1       org.springframework.web.servlet.mvc.condition.RequestMethodsRequestCondition::getMethods (5 bytes)
Event: 6921.569 Thread 0x0000019a3d11d000 nmethod 6337 0x0000019a2ecd0c90 code [0x0000019a2ecd0e20, 0x0000019a2ecd0f58]
Event: 6921.673 Thread 0x0000019a3d11d000 6338       1       org.springframework.web.servlet.handler.AbstractHandlerMethodMapping$Match::access$100 (5 bytes)
Event: 6921.673 Thread 0x0000019a3d11d000 nmethod 6338 0x0000019a2ecd0990 code [0x0000019a2ecd0b20, 0x0000019a2ecd0c18]
Event: 6921.673 Thread 0x0000019a3d11d000 6339   !   3       org.springframework.orm.jpa.AbstractEntityManagerFactoryBean::invokeProxyMethod (184 bytes)
Event: 6921.679 Thread 0x0000019a3d11d000 nmethod 6339 0x0000019a27c97910 code [0x0000019a27c97de0, 0x0000019a27c9aa50]
Event: 6921.680 Thread 0x0000019a3d117000 6340       4       org.springframework.core.annotation.TypeMappedAnnotations::scan (62 bytes)
Event: 6921.681 Thread 0x0000019a3d11d000 6342       1       org.springframework.web.method.HandlerMethod::getMethodParameters (5 bytes)
Event: 6921.681 Thread 0x0000019a3d11d000 nmethod 6342 0x0000019a2ecd0610 code [0x0000019a2ecd07a0, 0x0000019a2ecd08d8]
Event: 6921.738 Thread 0x0000019a3d11d000 6343       1       org.springframework.web.method.HandlerMethod::getBridgedMethod (5 bytes)
Event: 6921.739 Thread 0x0000019a3d11d000 nmethod 6343 0x0000019a2ecd0190 code [0x0000019a2ecd0320, 0x0000019a2ecd0458]
Event: 6921.766 Thread 0x0000019a3d11d000 6344       1       org.springframework.web.context.request.AbstractRequestAttributes::isRequestActive (5 bytes)
Event: 6921.767 Thread 0x0000019a3d11d000 nmethod 6344 0x0000019a2ebbbe90 code [0x0000019a2ebbc020, 0x0000019a2ebbc158]

GC Heap History (20 events):
Event: 6.350 GC heap before
{Heap before GC invocations=15 (full 0):
 garbage-first heap   total 49152K, used 29095K [0x0000000081a00000, 0x0000000100000000)
  region size 1024K, 12 young (12288K), 1 survivors (1024K)
 Metaspace       used 37343K, capacity 38274K, committed 38556K, reserved 1083392K
  class space    used 4938K, capacity 5314K, committed 5452K, reserved 1048576K
}
Event: 6.351 GC heap after
{Heap after GC invocations=16 (full 0):
 garbage-first heap   total 49152K, used 17935K [0x0000000081a00000, 0x0000000100000000)
  region size 1024K, 1 young (1024K), 1 survivors (1024K)
 Metaspace       used 37343K, capacity 38274K, committed 38556K, reserved 1083392K
  class space    used 4938K, capacity 5314K, committed 5452K, reserved 1048576K
}
Event: 6.709 GC heap before
{Heap before GC invocations=16 (full 0):
 garbage-first heap   total 49152K, used 29199K [0x0000000081a00000, 0x0000000100000000)
  region size 1024K, 13 young (13312K), 1 survivors (1024K)
 Metaspace       used 40338K, capacity 41334K, committed 41500K, reserved 1085440K
  class space    used 5330K, capacity 5736K, committed 5836K, reserved 1048576K
}
Event: 6.712 GC heap after
{Heap after GC invocations=17 (full 0):
 garbage-first heap   total 49152K, used 18597K [0x0000000081a00000, 0x0000000100000000)
  region size 1024K, 2 young (2048K), 2 survivors (2048K)
 Metaspace       used 40338K, capacity 41334K, committed 41500K, reserved 1085440K
  class space    used 5330K, capacity 5736K, committed 5836K, reserved 1048576K
}
Event: 7.073 GC heap before
{Heap before GC invocations=17 (full 0):
 garbage-first heap   total 49152K, used 31909K [0x0000000081a00000, 0x0000000100000000)
  region size 1024K, 15 young (15360K), 2 survivors (2048K)
 Metaspace       used 42966K, capacity 43932K, committed 44188K, reserved 1087488K
  class space    used 5725K, capacity 6132K, committed 6220K, reserved 1048576K
}
Event: 7.078 GC heap after
{Heap after GC invocations=18 (full 0):
 garbage-first heap   total 49152K, used 19144K [0x0000000081a00000, 0x0000000100000000)
  region size 1024K, 2 young (2048K), 2 survivors (2048K)
 Metaspace       used 42966K, capacity 43932K, committed 44188K, reserved 1087488K
  class space    used 5725K, capacity 6132K, committed 6220K, reserved 1048576K
}
Event: 7.461 GC heap before
{Heap before GC invocations=18 (full 0):
 garbage-first heap   total 49152K, used 33480K [0x0000000081a00000, 0x0000000100000000)
  region size 1024K, 16 young (16384K), 2 survivors (2048K)
 Metaspace       used 45418K, capacity 46396K, committed 46620K, reserved 1089536K
  class space    used 6113K, capacity 6498K, committed 6604K, reserved 1048576K
}
Event: 7.464 GC heap after
{Heap after GC invocations=19 (full 0):
 garbage-first heap   total 49152K, used 19660K [0x0000000081a00000, 0x0000000100000000)
  region size 1024K, 2 young (2048K), 2 survivors (2048K)
 Metaspace       used 45418K, capacity 46396K, committed 46620K, reserved 1089536K
  class space    used 6113K, capacity 6498K, committed 6604K, reserved 1048576K
}
Event: 7.842 GC heap before
{Heap before GC invocations=19 (full 0):
 garbage-first heap   total 49152K, used 32972K [0x0000000081a00000, 0x0000000100000000)
  region size 1024K, 16 young (16384K), 2 survivors (2048K)
 Metaspace       used 47842K, capacity 49005K, committed 49308K, reserved 1091584K
  class space    used 6437K, capacity 6878K, committed 6988K, reserved 1048576K
}
Event: 7.846 GC heap after
{Heap after GC invocations=20 (full 0):
 garbage-first heap   total 49152K, used 20739K [0x0000000081a00000, 0x0000000100000000)
  region size 1024K, 2 young (2048K), 2 survivors (2048K)
 Metaspace       used 47842K, capacity 49005K, committed 49308K, reserved 1091584K
  class space    used 6437K, capacity 6878K, committed 6988K, reserved 1048576K
}
Event: 8.326 GC heap before
{Heap before GC invocations=20 (full 0):
 garbage-first heap   total 49152K, used 36099K [0x0000000081a00000, 0x0000000100000000)
  region size 1024K, 17 young (17408K), 2 survivors (2048K)
 Metaspace       used 48840K, capacity 50044K, committed 50204K, reserved 1093632K
  class space    used 6567K, capacity 7044K, committed 7116K, reserved 1048576K
}
Event: 8.331 GC heap after
{Heap after GC invocations=21 (full 0):
 garbage-first heap   total 49152K, used 21736K [0x0000000081a00000, 0x0000000100000000)
  region size 1024K, 3 young (3072K), 3 survivors (3072K)
 Metaspace       used 48840K, capacity 50044K, committed 50204K, reserved 1093632K
  class space    used 6567K, capacity 7044K, committed 7116K, reserved 1048576K
}
Event: 8.745 GC heap before
{Heap before GC invocations=21 (full 0):
 garbage-first heap   total 49152K, used 36072K [0x0000000081a00000, 0x0000000100000000)
  region size 1024K, 17 young (17408K), 3 survivors (3072K)
 Metaspace       used 49311K, capacity 50601K, committed 50716K, reserved 1093632K
  class space    used 6617K, capacity 7094K, committed 7116K, reserved 1048576K
}
Event: 8.751 GC heap after
{Heap after GC invocations=22 (full 0):
 garbage-first heap   total 59392K, used 22209K [0x0000000081a00000, 0x0000000100000000)
  region size 1024K, 2 young (2048K), 2 survivors (2048K)
 Metaspace       used 49311K, capacity 50601K, committed 50716K, reserved 1093632K
  class space    used 6617K, capacity 7094K, committed 7116K, reserved 1048576K
}
Event: 10.097 GC heap before
{Heap before GC invocations=22 (full 0):
 garbage-first heap   total 59392K, used 41665K [0x0000000081a00000, 0x0000000100000000)
  region size 1024K, 21 young (21504K), 2 survivors (2048K)
 Metaspace       used 51299K, capacity 52652K, committed 52892K, reserved 1095680K
  class space    used 6880K, capacity 7433K, committed 7500K, reserved 1048576K
}
Event: 10.104 GC heap after
{Heap after GC invocations=23 (full 0):
 garbage-first heap   total 59392K, used 23814K [0x0000000081a00000, 0x0000000100000000)
  region size 1024K, 3 young (3072K), 3 survivors (3072K)
 Metaspace       used 51299K, capacity 52652K, committed 52892K, reserved 1095680K
  class space    used 6880K, capacity 7433K, committed 7500K, reserved 1048576K
}
Event: 21.863 GC heap before
{Heap before GC invocations=23 (full 0):
 garbage-first heap   total 59392K, used 42246K [0x0000000081a00000, 0x0000000100000000)
  region size 1024K, 22 young (22528K), 3 survivors (3072K)
 Metaspace       used 55607K, capacity 57033K, committed 57244K, reserved 1099776K
  class space    used 7365K, capacity 7888K, committed 8012K, reserved 1048576K
}
Event: 21.871 GC heap after
{Heap after GC invocations=24 (full 0):
 garbage-first heap   total 59392K, used 24716K [0x0000000081a00000, 0x0000000100000000)
  region size 1024K, 2 young (2048K), 2 survivors (2048K)
 Metaspace       used 55607K, capacity 57033K, committed 57244K, reserved 1099776K
  class space    used 7365K, capacity 7888K, committed 8012K, reserved 1048576K
}
Event: 6920.250 GC heap before
{Heap before GC invocations=24 (full 0):
 garbage-first heap   total 59392K, used 43148K [0x0000000081a00000, 0x0000000100000000)
  region size 1024K, 20 young (20480K), 2 survivors (2048K)
 Metaspace       used 57865K, capacity 59330K, committed 59548K, reserved 1101824K
  class space    used 7582K, capacity 8159K, committed 8268K, reserved 1048576K
}
Event: 6920.492 GC heap after
{Heap after GC invocations=25 (full 0):
 garbage-first heap   total 59392K, used 25805K [0x0000000081a00000, 0x0000000100000000)
  region size 1024K, 3 young (3072K), 3 survivors (3072K)
 Metaspace       used 57865K, capacity 59330K, committed 59548K, reserved 1101824K
  class space    used 7582K, capacity 8159K, committed 8268K, reserved 1048576K
}

Deoptimization events (20 events):
Event: 1927.114 Thread 0x0000019a4048f800 Uncommon trap: trap_request=0xffffff45 fr.pc=0x0000019a2edd6a64 relative=0x00000000000000c4
Event: 1927.114 Thread 0x0000019a4048f800 Uncommon trap: reason=unstable_if action=reinterpret pc=0x0000019a2edd6a64 method=java.util.concurrent.ScheduledThreadPoolExecutor$ScheduledFutureTask.compareTo(Ljava/util/concurrent/Delayed;)I @ 40 c2
Event: 1927.115 Thread 0x0000019a4048f800 DEOPT PACKING pc=0x0000019a2edd6a64 sp=0x00000025a22fec30
Event: 1927.115 Thread 0x0000019a4048f800 DEOPT UNPACKING pc=0x0000019a2701912f sp=0x00000025a22febb8 mode 2
Event: 3282.411 Thread 0x0000019a3e2be800 Uncommon trap: trap_request=0xffffff45 fr.pc=0x0000019a2eb97250 relative=0x0000000000000130
Event: 3282.411 Thread 0x0000019a3e2be800 Uncommon trap: reason=unstable_if action=reinterpret pc=0x0000019a2eb97250 method=java.util.IdentityHashMap.nextKeyIndex(II)I @ 4 c2
Event: 3282.411 Thread 0x0000019a3e2be800 DEOPT PACKING pc=0x0000019a2eb97250 sp=0x00000025a2bfa880
Event: 3282.411 Thread 0x0000019a3e2be800 DEOPT UNPACKING pc=0x0000019a2701912f sp=0x00000025a2bfa788 mode 2
Event: 5843.812 Thread 0x0000019a403c6000 Uncommon trap: trap_request=0xffffff45 fr.pc=0x0000019a2ececa68 relative=0x0000000000002388
Event: 5843.813 Thread 0x0000019a403c6000 Uncommon trap: reason=unstable_if action=reinterpret pc=0x0000019a2ececa68 method=java.util.concurrent.ScheduledThreadPoolExecutor$DelayedWorkQueue.take()Ljava/util/concurrent/RunnableScheduledFuture; @ 59 c2
Event: 5843.813 Thread 0x0000019a403c6000 DEOPT PACKING pc=0x0000019a2ececa68 sp=0x00000025a20ff1a0
Event: 5843.886 Thread 0x0000019a403c6000 DEOPT UNPACKING pc=0x0000019a2701912f sp=0x00000025a20ff090 mode 2
Event: 6492.114 Thread 0x0000019a403c6000 Uncommon trap: trap_request=0xffffff45 fr.pc=0x0000019a2eb197a0 relative=0x0000000000000e60
Event: 6492.114 Thread 0x0000019a403c6000 Uncommon trap: reason=unstable_if action=reinterpret pc=0x0000019a2eb197a0 method=java.util.concurrent.locks.AbstractQueuedSynchronizer$ConditionObject.awaitNanos(J)J @ 79 c2
Event: 6492.114 Thread 0x0000019a403c6000 DEOPT PACKING pc=0x0000019a2eb197a0 sp=0x00000025a20fefb0
Event: 6492.115 Thread 0x0000019a403c6000 DEOPT UNPACKING pc=0x0000019a2701912f sp=0x00000025a20fef60 mode 2
Event: 6921.194 Thread 0x0000019a40834000 Uncommon trap: trap_request=0xffffff45 fr.pc=0x0000019a2ec1db90 relative=0x0000000000000230
Event: 6921.194 Thread 0x0000019a40834000 Uncommon trap: reason=unstable_if action=reinterpret pc=0x0000019a2ec1db90 method=org.apache.tomcat.util.net.NioEndpoint$Poller.timeout(IZ)V @ 62 c2
Event: 6921.194 Thread 0x0000019a40834000 DEOPT PACKING pc=0x0000019a2ec1db90 sp=0x00000025a33ff000
Event: 6921.194 Thread 0x0000019a40834000 DEOPT UNPACKING pc=0x0000019a2701912f sp=0x00000025a33fef80 mode 2

Classes unloaded (0 events):
No events

Classes redefined (0 events):
No events

Internal exceptions (20 events):
Event: 8.086 Thread 0x0000019a1eada000 Exception <a 'java/lang/ClassNotFoundException'{0x000000008427e5c0}: com/fi/spring/gymmanagementsystem/entity/ExerciseEntityCustomizer> (0x000000008427e5c0) 
thrown [t:/workspace/open/src/hotspot/share/classfile/systemDictionary.cpp, line 232]
Event: 8.106 Thread 0x0000019a1eada000 Exception <a 'java/lang/ClassNotFoundException'{0x00000000842bdfc8}: java/lang/ObjectCustomizer> (0x00000000842bdfc8) 
thrown [t:/workspace/open/src/hotspot/share/classfile/systemDictionary.cpp, line 232]
Event: 8.108 Thread 0x0000019a1eada000 Exception <a 'java/lang/ClassNotFoundException'{0x00000000842ce060}: com/fi/spring/gymmanagementsystem/entity/ExerciseChartEntityCustomizer> (0x00000000842ce060) 
thrown [t:/workspace/open/src/hotspot/share/classfile/systemDictionary.cpp, line 232]
Event: 8.323 Thread 0x0000019a1eada000 Exception <a 'java/lang/NoSuchMethodError'{0x0000000083be8120}: 'java.lang.Object java.lang.invoke.DirectMethodHandle$Holder.invokeInterface(java.lang.Object, java.lang.Object, java.lang.Object, java.lang.Object)'> (0x0000000083be8120) 
thrown [t:/workspace/open/src/hotspot/share/interpreter/linkResolver.cpp, line 767]
Event: 8.398 Thread 0x0000019a1eada000 Exception <a 'java/lang/ClassNotFoundException'{0x000000008a469698}: java/lang/ObjectCustomizer> (0x000000008a469698) 
thrown [t:/workspace/open/src/hotspot/share/classfile/systemDictionary.cpp, line 232]
Event: 8.398 Thread 0x0000019a1eada000 Exception <a 'java/lang/ClassNotFoundException'{0x000000008a47a738}: org/springframework/web/servlet/config/annotation/WebMvcConfigurationSupportCustomizer> (0x000000008a47a738) 
thrown [t:/workspace/open/src/hotspot/share/classfile/systemDictionary.cpp, line 232]
Event: 8.401 Thread 0x0000019a1eada000 Exception <a 'java/lang/ClassNotFoundException'{0x000000008a496528}: org/springframework/web/servlet/config/annotation/DelegatingWebMvcConfigurationCustomizer> (0x000000008a496528) 
thrown [t:/workspace/open/src/hotspot/share/classfile/systemDictionary.cpp, line 232]
Event: 8.401 Thread 0x0000019a1eada000 Exception <a 'java/lang/ClassNotFoundException'{0x000000008a4aa608}: org/springframework/boot/autoconfigure/web/servlet/WebMvcAutoConfiguration$EnableWebMvcConfigurationCustomizer> (0x000000008a4aa608) 
thrown [t:/workspace/open/src/hotspot/share/classfile/systemDictionary.cpp, line 232]
Event: 8.405 Thread 0x0000019a1eada000 Exception <a 'java/lang/ClassNotFoundException'{0x000000008a4c24f8}: org/springframework/context/ResourceLoaderAwareCustomizer> (0x000000008a4c24f8) 
thrown [t:/workspace/open/src/hotspot/share/classfile/systemDictionary.cpp, line 232]
Event: 8.405 Thread 0x0000019a1eada000 Exception <a 'java/lang/ClassNotFoundException'{0x000000008a4cd3c8}: org/springframework/beans/factory/AwareCustomizer> (0x000000008a4cd3c8) 
thrown [t:/workspace/open/src/hotspot/share/classfile/systemDictionary.cpp, line 232]
Event: 8.406 Thread 0x0000019a1eada000 Exception <a 'java/lang/ClassNotFoundException'{0x000000008a4d8c38}: org/springframework/context/ApplicationContextAwareCustomizer> (0x000000008a4d8c38) 
thrown [t:/workspace/open/src/hotspot/share/classfile/systemDictionary.cpp, line 232]
Event: 8.410 Thread 0x0000019a1eada000 Exception <a 'java/lang/ClassNotFoundException'{0x000000008a4e46e8}: org/springframework/beans/factory/AwareCustomizer> (0x000000008a4e46e8) 
thrown [t:/workspace/open/src/hotspot/share/classfile/systemDictionary.cpp, line 232]
Event: 8.410 Thread 0x0000019a1eada000 Exception <a 'java/lang/ClassNotFoundException'{0x000000008a4efca0}: org/springframework/web/context/ServletContextAwareCustomizer> (0x000000008a4efca0) 
thrown [t:/workspace/open/src/hotspot/share/classfile/systemDictionary.cpp, line 232]
Event: 8.411 Thread 0x0000019a1eada000 Exception <a 'java/lang/ClassNotFoundException'{0x000000008a4fafd8}: org/springframework/beans/factory/AwareCustomizer> (0x000000008a4fafd8) 
thrown [t:/workspace/open/src/hotspot/share/classfile/systemDictionary.cpp, line 232]
Event: 9.010 Thread 0x0000019a1eada000 Exception <a 'java/lang/NoSuchMethodError'{0x000000008a0fc7a0}: 'void java.lang.invoke.DirectMethodHandle$Holder.invokeVirtual(java.lang.Object, java.lang.Object, int)'> (0x000000008a0fc7a0) 
thrown [t:/workspace/open/src/hotspot/share/interpreter/linkResolver.cpp, line 767]
Event: 9.303 Thread 0x0000019a1eada000 Exception <a 'java/lang/IncompatibleClassChangeError'{0x0000000084743b60}: Found class java.lang.Object, but interface was expected> (0x0000000084743b60) 
thrown [t:/workspace/open/src/hotspot/share/interpreter/linkResolver.cpp, line 833]
Event: 9.355 Thread 0x0000019a1eada000 Exception <a 'java/lang/NoSuchMethodError'{0x000000008456aee8}: 'int java.lang.invoke.DirectMethodHandle$Holder.invokeStaticInit(java.lang.Object, java.lang.Object, java.lang.Object, java.lang.Object)'> (0x000000008456aee8) 
thrown [t:/workspace/open/src/hotspot/share/interpreter/linkResolver.cpp, line 767]
Event: 10.091 Thread 0x0000019a1eada000 Exception <a 'java/lang/NoSuchMethodError'{0x00000000841c6328}: 'java.lang.Object java.lang.invoke.Invokers$Holder.linkToTargetMethod(java.lang.Object, int, java.lang.Object)'> (0x00000000841c6328) 
thrown [t:/workspace/open/src/hotspot/share/interpreter/linkResolver.cpp, line 767]
Event: 1289.432 Thread 0x0000019a3e9de800 Exception <a 'java/io/IOException'{0x0000000084c70500}> (0x0000000084c70500) 
thrown [t:/workspace/open/src/hotspot/share/prims/jni.cpp, line 598]
Event: 6921.174 Thread 0x0000019a3e2be800 Exception <a 'java/lang/NoClassDefFoundError'{0x000000008b361f90}: sun/reflect/Reflection> (0x000000008b361f90) 
thrown [t:/workspace/open/src/hotspot/share/classfile/systemDictionary.cpp, line 221]

Events (20 events):
Event: 6921.490 loading class javax/servlet/http/HttpServletRequestWrapper
Event: 6921.490 loading class javax/servlet/http/HttpServletRequestWrapper done
Event: 6921.569 loading class org/springframework/util/AntPathMatcher$AntPatternComparator
Event: 6921.569 loading class org/springframework/util/AntPathMatcher$AntPatternComparator done
Event: 6921.622 loading class org/springframework/util/AntPathMatcher$AntPatternComparator$PatternInfo
Event: 6921.622 loading class org/springframework/util/AntPathMatcher$AntPatternComparator$PatternInfo done
Event: 6921.678 Executing VM operation: RevokeBias
Event: 6921.679 Executing VM operation: RevokeBias done
Event: 6921.682 loading class org/springframework/web/bind/annotation/RequestHeader
Event: 6921.682 loading class org/springframework/web/bind/annotation/RequestHeader done
Event: 6921.705 loading class org/springframework/web/bind/annotation/CookieValue
Event: 6921.705 loading class org/springframework/web/bind/annotation/CookieValue done
Event: 6921.707 loading class org/springframework/web/bind/annotation/SessionAttribute
Event: 6921.707 loading class org/springframework/web/bind/annotation/SessionAttribute done
Event: 6921.708 loading class org/springframework/web/bind/annotation/RequestAttribute
Event: 6921.708 loading class org/springframework/web/bind/annotation/RequestAttribute done
Event: 6921.767 loading class org/springframework/http/ResponseEntity$BodyBuilder
Event: 6921.767 loading class org/springframework/http/ResponseEntity$BodyBuilder done
Event: 6921.812 loading class org/springframework/http/ResponseEntity$HeadersBuilder
Event: 6921.812 loading class org/springframework/http/ResponseEntity$HeadersBuilder done


Dynamic libraries:
0x00007ff65e7b0000 - 0x00007ff65e7bf000 	C:\Java\bin\javaw.exe
0x00007ffa02c40000 - 0x00007ffa02e30000 	C:\WINDOWS\SYSTEM32\ntdll.dll
0x00007ffa012e0000 - 0x00007ffa01392000 	C:\WINDOWS\System32\KERNEL32.DLL
0x00007ff9ffd90000 - 0x00007ffa00033000 	C:\WINDOWS\System32\KERNELBASE.dll
0x00007ffa009f0000 - 0x00007ffa00aea000 	C:\WINDOWS\System32\ucrtbase.dll
0x00007ff9f9670000 - 0x00007ff9f9688000 	C:\Java\bin\jli.dll
0x00007ff9efed0000 - 0x00007ff9efee5000 	C:\Java\bin\VCRUNTIME140.dll
0x00007ffa018f0000 - 0x00007ffa01993000 	C:\WINDOWS\System32\ADVAPI32.dll
0x00007ffa01fd0000 - 0x00007ffa0206e000 	C:\WINDOWS\System32\msvcrt.dll
0x00007ffa00d40000 - 0x00007ffa00dd7000 	C:\WINDOWS\System32\sechost.dll
0x00007ffa01020000 - 0x00007ffa01140000 	C:\WINDOWS\System32\RPCRT4.dll
0x00007ffa00de0000 - 0x00007ffa00f74000 	C:\WINDOWS\System32\USER32.dll
0x00007ffa00af0000 - 0x00007ffa00b11000 	C:\WINDOWS\System32\win32u.dll
0x00007ff9f5a50000 - 0x00007ff9f5cd5000 	C:\WINDOWS\WinSxS\amd64_microsoft.windows.common-controls_6595b64144ccf1df_6.0.18362.592_none_e6c0b1911312be02\COMCTL32.dll
0x00007ffa00f80000 - 0x00007ffa00fa6000 	C:\WINDOWS\System32\GDI32.dll
0x00007ffa027e0000 - 0x00007ffa02b16000 	C:\WINDOWS\System32\combase.dll
0x00007ffa00b20000 - 0x00007ffa00cb4000 	C:\WINDOWS\System32\gdi32full.dll
0x00007ff9ffba0000 - 0x00007ff9ffc3e000 	C:\WINDOWS\System32\msvcp_win.dll
0x00007ffa00890000 - 0x00007ffa00910000 	C:\WINDOWS\System32\bcryptPrimitives.dll
0x00007ff9fb050000 - 0x00007ff9fb05a000 	C:\WINDOWS\SYSTEM32\VERSION.dll
0x00007ffa01810000 - 0x00007ffa0183e000 	C:\WINDOWS\System32\IMM32.DLL
0x00007ff9c96e0000 - 0x00007ff9c977b000 	C:\Java\bin\msvcp140.dll
0x00007ff9b5580000 - 0x00007ff9b60e6000 	C:\Java\bin\server\jvm.dll
0x00007ffa02770000 - 0x00007ffa02778000 	C:\WINDOWS\System32\PSAPI.DLL
0x00007ff9fe8d0000 - 0x00007ff9fe8d9000 	C:\WINDOWS\SYSTEM32\WSOCK32.dll
0x00007ffa01f00000 - 0x00007ffa01f6f000 	C:\WINDOWS\System32\WS2_32.dll
0x00007ff9f6280000 - 0x00007ff9f62a4000 	C:\WINDOWS\SYSTEM32\WINMM.dll
0x00007ff9f6250000 - 0x00007ff9f627d000 	C:\WINDOWS\SYSTEM32\winmmbase.dll
0x00007ffa00820000 - 0x00007ffa0086a000 	C:\WINDOWS\System32\cfgmgr32.dll
0x00007ff9ffb10000 - 0x00007ff9ffb21000 	C:\WINDOWS\System32\kernel.appcore.dll
0x00007ff9f3170000 - 0x00007ff9f3180000 	C:\Java\bin\verify.dll
0x00007ff9fe270000 - 0x00007ff9fe464000 	C:\WINDOWS\SYSTEM32\DBGHELP.DLL
0x00007ff9f6e70000 - 0x00007ff9f6e9a000 	C:\WINDOWS\SYSTEM32\dbgcore.DLL
0x00007ff9c9780000 - 0x00007ff9c97a6000 	C:\Java\bin\java.dll
0x00007ff9cb1a0000 - 0x00007ff9cb1b7000 	C:\Java\bin\zip.dll
0x00007ff9ec810000 - 0x00007ff9ec81a000 	C:\Java\bin\jimage.dll
0x00007ffa02070000 - 0x00007ffa02755000 	C:\WINDOWS\System32\SHELL32.dll
0x00007ffa01840000 - 0x00007ffa018e9000 	C:\WINDOWS\System32\shcore.dll
0x00007ffa000a0000 - 0x00007ffa0081f000 	C:\WINDOWS\System32\windows.storage.dll
0x00007ff9ffb30000 - 0x00007ff9ffb4f000 	C:\WINDOWS\System32\profapi.dll
0x00007ff9ffb50000 - 0x00007ff9ffb9a000 	C:\WINDOWS\System32\powrprof.dll
0x00007ff9ffae0000 - 0x00007ff9ffaf0000 	C:\WINDOWS\System32\UMPDC.dll
0x00007ffa01280000 - 0x00007ffa012d2000 	C:\WINDOWS\System32\shlwapi.dll
0x00007ffa00870000 - 0x00007ffa00887000 	C:\WINDOWS\System32\cryptsp.dll
0x00007ff9c7910000 - 0x00007ff9c7929000 	C:\Java\bin\net.dll
0x00007ff9f8f60000 - 0x00007ff9f9050000 	C:\WINDOWS\SYSTEM32\WINHTTP.dll
0x00007ff9ff350000 - 0x00007ff9ff3b7000 	C:\WINDOWS\system32\mswsock.dll
0x00007ff9bd600000 - 0x00007ff9bd613000 	C:\Java\bin\nio.dll
0x00007ff9f9580000 - 0x00007ff9f9589000 	C:\Java\bin\management.dll
0x00007ff9f3220000 - 0x00007ff9f322b000 	C:\Java\bin\management_ext.dll
0x00007ff9f3130000 - 0x00007ff9f3146000 	C:\WINDOWS\system32\napinsp.dll
0x00007ff9f3110000 - 0x00007ff9f312a000 	C:\WINDOWS\system32\pnrpnsp.dll
0x00007ff9ff0a0000 - 0x00007ff9ff16a000 	C:\WINDOWS\SYSTEM32\DNSAPI.dll
0x00007ffa02760000 - 0x00007ffa02768000 	C:\WINDOWS\System32\NSI.dll
0x00007ff9ff060000 - 0x00007ff9ff09a000 	C:\WINDOWS\SYSTEM32\IPHLPAPI.DLL
0x00007ff9f3100000 - 0x00007ff9f310e000 	C:\WINDOWS\System32\winrnr.dll
0x00007ff9fa5c0000 - 0x00007ff9fa5dc000 	C:\WINDOWS\system32\NLAapi.dll
0x00007ff9fb700000 - 0x00007ff9fb715000 	C:\WINDOWS\system32\wshbth.dll
0x00007ff9faf50000 - 0x00007ff9faf5a000 	C:\Windows\System32\rasadhlp.dll
0x00007ff9f8db0000 - 0x00007ff9f8e27000 	C:\WINDOWS\System32\fwpuclnt.dll
0x00007ffa00910000 - 0x00007ffa00936000 	C:\WINDOWS\System32\bcrypt.dll
0x00007ff9fee60000 - 0x00007ff9fee93000 	C:\WINDOWS\system32\rsaenh.dll
0x00007ff9ffa00000 - 0x00007ff9ffa25000 	C:\WINDOWS\SYSTEM32\USERENV.dll
0x00007ff9ff520000 - 0x00007ff9ff52c000 	C:\WINDOWS\SYSTEM32\CRYPTBASE.dll
0x00007ff9f8e90000 - 0x00007ff9f8ea6000 	C:\WINDOWS\SYSTEM32\dhcpcsvc6.DLL
0x00007ff9f8f40000 - 0x00007ff9f8f5c000 	C:\WINDOWS\SYSTEM32\dhcpcsvc.DLL

dbghelp: loaded successfully - version: 4.0.5 - missing functions: none
symbol engine: initialized successfully - sym options: 0x614 - pdb path: .;C:\Java\bin;C:\WINDOWS\SYSTEM32;C:\WINDOWS\WinSxS\amd64_microsoft.windows.common-controls_6595b64144ccf1df_6.0.18362.592_none_e6c0b1911312be02;C:\Java\bin\server

VM Arguments:
jvm_args: -Dfile.encoding=UTF-8 
java_command: com.fi.spring.gymmanagementsystem.GymManagementSystemApplication
java_class_path (initial): G:\Java\Gym\Spring\GymManagementSystem\target\classes;C:\Users\Minal\.m2\repository\org\springframework\boot\spring-boot-starter-data-jpa\2.2.4.RELEASE\spring-boot-starter-data-jpa-2.2.4.RELEASE.jar;C:\Users\Minal\.m2\repository\org\springframework\boot\spring-boot-starter-aop\2.2.4.RELEASE\spring-boot-starter-aop-2.2.4.RELEASE.jar;C:\Users\Minal\.m2\repository\org\springframework\spring-aop\5.2.3.RELEASE\spring-aop-5.2.3.RELEASE.jar;C:\Users\Minal\.m2\repository\org\aspectj\aspectjweaver\1.9.5\aspectjweaver-1.9.5.jar;C:\Users\Minal\.m2\repository\org\springframework\boot\spring-boot-starter-jdbc\2.2.4.RELEASE\spring-boot-starter-jdbc-2.2.4.RELEASE.jar;C:\Users\Minal\.m2\repository\com\zaxxer\HikariCP\3.4.2\HikariCP-3.4.2.jar;C:\Users\Minal\.m2\repository\org\springframework\spring-jdbc\5.2.3.RELEASE\spring-jdbc-5.2.3.RELEASE.jar;C:\Users\Minal\.m2\repository\jakarta\activation\jakarta.activation-api\1.2.1\jakarta.activation-api-1.2.1.jar;C:\Users\Minal\.m2\repository\jakarta\persistence\jakarta.persistence-api\2.2.3\jakarta.persistence-api-2.2.3.jar;C:\Users\Minal\.m2\repository\jakarta\transaction\jakarta.transaction-api\1.3.3\jakarta.transaction-api-1.3.3.jar;C:\Users\Minal\.m2\repository\org\hibernate\hibernate-core\5.4.10.Final\hibernate-core-5.4.10.Final.jar;C:\Users\Minal\.m2\repository\org\jboss\logging\jboss-logging\3.4.1.Final\jboss-logging-3.4.1.Final.jar;C:\Users\Minal\.m2\repository\org\javassist\javassist\3.24.0-GA\javassist-3.24.0-GA.jar;C:\Users\Minal\.m2\repository\net\bytebuddy\byte-buddy\1.10.6\byte-buddy-1.10.6.jar;C:\Users\Minal\.m2\repository\antlr\antlr\2.7.7\antlr-2.7.7.jar;C:\Users\Minal\.m2\repository\org\jboss\jandex\2.1.1.Final\jandex-2.1.1.Final.jar;C:\Users\Minal\.m2\repository\com\fasterxml\classmate\1.5.1\classmate-1.5.1.jar;C:\Users\Minal\.m2\repository\org\dom4j\dom4j\2.1.1\dom4j-2.1.1.jar;C:\Users\Minal\.m2\repository\org\hibernate\common\hibernate-commons-annotations\5.1.0.Final\hibernate-commons-annot
Launcher Type: SUN_STANDARD

[Global flags]
     intx CICompilerCount                          = 3                                         {product} {ergonomic}
     uint ConcGCThreads                            = 1                                         {product} {ergonomic}
     uint G1ConcRefinementThreads                  = 4                                         {product} {ergonomic}
   size_t G1HeapRegionSize                         = 1048576                                   {product} {ergonomic}
    uintx GCDrainStackTargetSize                   = 64                                        {product} {ergonomic}
   size_t InitialHeapSize                          = 134217728                                 {product} {ergonomic}
   size_t MarkStackSize                            = 4194304                                   {product} {ergonomic}
   size_t MaxHeapSize                              = 2120220672                                {product} {ergonomic}
   size_t MaxNewSize                               = 1271922688                                {product} {ergonomic}
   size_t MinHeapDeltaBytes                        = 1048576                                   {product} {ergonomic}
   size_t MinHeapSize                              = 8388608                                   {product} {ergonomic}
    uintx NonNMethodCodeHeapSize                   = 5830732                                {pd product} {ergonomic}
    uintx NonProfiledCodeHeapSize                  = 122913754                              {pd product} {ergonomic}
    uintx ProfiledCodeHeapSize                     = 122913754                              {pd product} {ergonomic}
    uintx ReservedCodeCacheSize                    = 251658240                              {pd product} {ergonomic}
     bool SegmentedCodeCache                       = true                                      {product} {ergonomic}
   size_t SoftMaxHeapSize                          = 2120220672                             {manageable} {ergonomic}
     bool UseCompressedClassPointers               = true                                 {lp64_product} {ergonomic}
     bool UseCompressedOops                        = true                                 {lp64_product} {ergonomic}
     bool UseG1GC                                  = true                                      {product} {ergonomic}
     bool UseLargePagesIndividualAllocation        = false                                  {pd product} {ergonomic}

Logging:
Log output configuration:
 #0: stdout all=warning uptime,level,tags
 #1: stderr all=off uptime,level,tags

Environment Variables:
PATH=C:/Java/bin/server;C:/Java/bin;"C:\java\bin;C:\oraclexe\app\oracle\product\11.2.0\server\bin";C:\Users\Minal\gcc\bin;C:\Users\Minal\gcc\libexec\gcc\x86_64-pc-mingw32\6.2.0;C:\Program Files\Broadcom\Broadcom 802.11 Network Adapter;C:\ProgramData\Oracle\Java\javapath;C:\Program Files (x86)\Intel\iCLS Client\;C:\Program Files\Intel\iCLS Client\;C:\WINDOWS\system32;C:\WINDOWS;C:\WINDOWS\System32\Wbem;C:\WINDOWS\System32\WindowsPowerShell\v1.0\;C:\Program Files (x86)\Intel\Intel(R) Management Engine Components\DAL;C:\Program Files\Intel\Intel(R) Management Engine Components\DAL;C:\Program Files (x86)\Intel\Intel(R) Management Engine Components\IPT;C:\Program Files\Intel\Intel(R) Management Engine Components\IPT;C:\Program Files\MATLAB\MATLAB Production Server\R2015a\runtime\win64;C:\Program Files\MATLAB\MATLAB Production Server\R2015a\bin;C:\Program Files\MATLAB\MATLAB Production Server\R2015a\polyspace\bin;C:\Program Files (x86)\MySQL\MySQL Server 5.0\bin;C:\PROGRA~2\MICROC~1\PICC;C:\Program Files (x86)\Microchip\MPLAB C32 Suite\bin;C:\WINDOWS\System32\OpenSSH\;C:\Program Files\nodejs\;C:\Program Files\dotnet\;C:\Program Files\Microsoft SQL Server\130\Tools\Binn\;C:\Program Files\Microsoft SQL Server\Client SDK\ODBC\170\Tools\Binn\;C:\Program Files\PuTTY\;C:\Program Files\MySQL\MySQL Shell 8.0\bin\;C:\Program Files (x86)\Microchip\mplabc18\v3.47\mpasm;C:\Program Files (x86)\Microchip\mplabc18\v3.47\bin;C:\Users\Minal\AppData\Local\Microsoft\WindowsApps;C:\Users\Minal\AppData\Roaming\npm;C:\Users\Minal\Desktop;
USERNAME=Minal
OS=Windows_NT
PROCESSOR_IDENTIFIER=Intel64 Family 6 Model 78 Stepping 3, GenuineIntel



---------------  S Y S T E M  ---------------

OS: Windows 10 , 64 bit Build 18362 (10.0.18362.329)

CPU:total 4 (initial active 4) (2 cores per cpu, 2 threads per core) family 6 model 78 stepping 3, cmov, cx8, fxsr, mmx, sse, sse2, sse3, ssse3, sse4.1, sse4.2, popcnt, avx, avx2, aes, clmul, erms, 3dnowpref, lzcnt, ht, tsc, tscinvbit, bmi1, bmi2, adx, fma

Memory: 4k page, system-wide physical 8082M (835M free)
TotalPageFile size 32658M (AvailPageFile size 33M)
current process WorkingSet (physical memory assigned to process): 107M, peak: 262M
current process commit charge ("private bytes"): 240M, peak: 297M

vm_info: Java HotSpot(TM) 64-Bit Server VM (13.0.1+9) for windows-amd64 JRE (13.0.1+9), built on Oct  6 2019 12:37:49 by "mach5one" with unknown MS VC++:1916

END.
